Using pre-set license
Built from '2022.3/staging' branch; Version is '2022.3.7f1 (b16b3b16c7a0) revision 11627323'; Using compiler version '192829333'; Build Type 'Release'
OS: 'Windows 11  (10.0.22631) 64bit Core' Language: 'en' Physical Memory: 28524 MB
BatchMode: 1, IsHumanControllingUs: 0, StartBugReporterOnCrash: 0, Is64bit: 1, IsPro: 1

COMMAND LINE ARGUMENTS:
C:\Program Files\Unity\Hub\Editor\2022.3.7f1\Editor\Unity.exe
-adb2
-batchMode
-noUpm
-name
AssetImportWorker0
-projectPath
C:/Users/peter/Projects/Practice/Unity/shell-texturing
-logFile
Logs/AssetImportWorker0.log
-srvPort
57871
Successfully changed project path to: C:/Users/peter/Projects/Practice/Unity/shell-texturing
C:/Users/peter/Projects/Practice/Unity/shell-texturing
[UnityMemory] Configuration Parameters - Can be set up in boot.config
    "memorysetup-bucket-allocator-granularity=16"
    "memorysetup-bucket-allocator-bucket-count=8"
    "memorysetup-bucket-allocator-block-size=33554432"
    "memorysetup-bucket-allocator-block-count=8"
    "memorysetup-main-allocator-block-size=16777216"
    "memorysetup-thread-allocator-block-size=16777216"
    "memorysetup-gfx-main-allocator-block-size=16777216"
    "memorysetup-gfx-thread-allocator-block-size=16777216"
    "memorysetup-cache-allocator-block-size=4194304"
    "memorysetup-typetree-allocator-block-size=2097152"
    "memorysetup-profiler-bucket-allocator-granularity=16"
    "memorysetup-profiler-bucket-allocator-bucket-count=8"
    "memorysetup-profiler-bucket-allocator-block-size=33554432"
    "memorysetup-profiler-bucket-allocator-block-count=8"
    "memorysetup-profiler-allocator-block-size=16777216"
    "memorysetup-profiler-editor-allocator-block-size=1048576"
    "memorysetup-temp-allocator-size-main=16777216"
    "memorysetup-job-temp-allocator-block-size=2097152"
    "memorysetup-job-temp-allocator-block-size-background=1048576"
    "memorysetup-job-temp-allocator-reduction-small-platforms=262144"
    "memorysetup-allocator-temp-initial-block-size-main=262144"
    "memorysetup-allocator-temp-initial-block-size-worker=262144"
    "memorysetup-temp-allocator-size-background-worker=32768"
    "memorysetup-temp-allocator-size-job-worker=262144"
    "memorysetup-temp-allocator-size-preload-manager=33554432"
    "memorysetup-temp-allocator-size-nav-mesh-worker=65536"
    "memorysetup-temp-allocator-size-audio-worker=65536"
    "memorysetup-temp-allocator-size-cloud-worker=32768"
    "memorysetup-temp-allocator-size-gi-baking-worker=262144"
    "memorysetup-temp-allocator-size-gfx=262144"
Player connection [20732] Host "[IP] 149.159.30.76 [Port] 0 [Flags] 2 [Guid] 2503176859 [EditorId] 2503176859 [Version] 1048832 [Id] WindowsEditor(7,LAPTOP-SQK4AUNB) [Debug] 1 [PackageName] WindowsEditor [ProjectName] Editor" joined multi-casting on [225.0.0.222:54997]...

Player connection [20732] Host "[IP] 149.159.30.76 [Port] 0 [Flags] 2 [Guid] 2503176859 [EditorId] 2503176859 [Version] 1048832 [Id] WindowsEditor(7,LAPTOP-SQK4AUNB) [Debug] 1 [PackageName] WindowsEditor [ProjectName] Editor" joined alternative multi-casting on [225.0.0.222:34997]...

Refreshing native plugins compatible for Editor in 18.32 ms, found 3 plugins.
Preloading 0 native plugins for Editor in 0.00 ms.
Initialize engine version: 2022.3.7f1 (b16b3b16c7a0)
[Subsystems] Discovering subsystems at path C:/Program Files/Unity/Hub/Editor/2022.3.7f1/Editor/Data/Resources/UnitySubsystems
[Subsystems] Discovering subsystems at path C:/Users/peter/Projects/Practice/Unity/shell-texturing/Assets
GfxDevice: creating device client; threaded=0; jobified=0
Direct3D:
    Version:  Direct3D 11.0 [level 11.1]
    Renderer: NVIDIA GeForce RTX 3070 Laptop GPU (ID=0x24dd)
    Vendor:   NVIDIA
    VRAM:     8033 MB
    Driver:   31.0.15.4633
Initialize mono
Mono path[0] = 'C:/Program Files/Unity/Hub/Editor/2022.3.7f1/Editor/Data/Managed'
Mono path[1] = 'C:/Program Files/Unity/Hub/Editor/2022.3.7f1/Editor/Data/MonoBleedingEdge/lib/mono/unityjit-win32'
Mono config path = 'C:/Program Files/Unity/Hub/Editor/2022.3.7f1/Editor/Data/MonoBleedingEdge/etc'
Using monoOptions --debugger-agent=transport=dt_socket,embedding=1,server=y,suspend=n,address=127.0.0.1:56732
Begin MonoManager ReloadAssembly
Registering precompiled unity dll's ...
Register platform support module: C:/Program Files/Unity/Hub/Editor/2022.3.7f1/Editor/Data/PlaybackEngines/WebGLSupport/UnityEditor.WebGL.Extensions.dll
Register platform support module: C:/Program Files/Unity/Hub/Editor/2022.3.7f1/Editor/Data/PlaybackEngines/WindowsStandaloneSupport/UnityEditor.WindowsStandalone.Extensions.dll
Registered in 0.012791 seconds.
- Loaded All Assemblies, in  0.520 seconds
Native extension for WindowsStandalone target not found
Native extension for WebGL target not found
Mono: successfully reloaded assembly
- Finished resetting the current domain, in  0.313 seconds
Domain Reload Profiling: 830ms
	BeginReloadAssembly (203ms)
		ExecutionOrderSort (0ms)
		DisableScriptedObjects (0ms)
		BackupInstance (0ms)
		ReleaseScriptingObjects (0ms)
		CreateAndSetChildDomain (2ms)
	RebuildCommonClasses (48ms)
	RebuildNativeTypeToScriptingClass (17ms)
	initialDomainReloadingComplete (89ms)
	LoadAllAssembliesAndSetupDomain (159ms)
		LoadAssemblies (200ms)
		RebuildTransferFunctionScriptingTraits (0ms)
		AnalyzeDomain (154ms)
			TypeCache.Refresh (153ms)
				TypeCache.ScanAssembly (137ms)
			ScanForSourceGeneratedMonoScriptInfo (1ms)
			ResolveRequiredComponents (1ms)
	FinalizeReload (314ms)
		ReleaseScriptCaches (0ms)
		RebuildScriptCaches (0ms)
		SetupLoadedEditorAssemblies (243ms)
			LogAssemblyErrors (0ms)
			InitializePlatformSupportModulesInManaged (12ms)
			SetLoadedEditorAssemblies (6ms)
			RefreshPlugins (0ms)
			BeforeProcessingInitializeOnLoad (3ms)
			ProcessInitializeOnLoadAttributes (164ms)
			ProcessInitializeOnLoadMethodAttributes (59ms)
			AfterProcessingInitializeOnLoad (0ms)
			EditorAssembliesLoaded (0ms)
		ExecutionOrderSort2 (0ms)
		AwakeInstancesAfterBackupRestoration (0ms)
========================================================================
Worker process is ready to serve import requests
Begin MonoManager ReloadAssembly
Symbol file LoadedFromMemory doesn't match image C:\Users\peter\Projects\Practice\Unity\shell-texturing\Library\PackageCache\com.unity.visualscripting@1.8.0\Editor\VisualScripting.Core\Dependencies\YamlDotNet\Unity.VisualScripting.YamlDotNet.dll
Symbol file LoadedFromMemory doesn't match image C:\Users\peter\Projects\Practice\Unity\shell-texturing\Library\PackageCache\com.unity.visualscripting@1.8.0\Editor\VisualScripting.Core\Dependencies\DotNetZip\Unity.VisualScripting.IonicZip.dll
- Loaded All Assemblies, in  0.759 seconds
Refreshing native plugins compatible for Editor in 5.08 ms, found 3 plugins.
Native extension for WindowsStandalone target not found
Native extension for WebGL target not found
Mono: successfully reloaded assembly
- Finished resetting the current domain, in  0.561 seconds
Domain Reload Profiling: 1316ms
	BeginReloadAssembly (173ms)
		ExecutionOrderSort (0ms)
		DisableScriptedObjects (5ms)
		BackupInstance (0ms)
		ReleaseScriptingObjects (0ms)
		CreateAndSetChildDomain (28ms)
	RebuildCommonClasses (33ms)
	RebuildNativeTypeToScriptingClass (10ms)
	initialDomainReloadingComplete (54ms)
	LoadAllAssembliesAndSetupDomain (484ms)
		LoadAssemblies (367ms)
		RebuildTransferFunctionScriptingTraits (0ms)
		AnalyzeDomain (215ms)
			TypeCache.Refresh (192ms)
				TypeCache.ScanAssembly (173ms)
			ScanForSourceGeneratedMonoScriptInfo (18ms)
			ResolveRequiredComponents (4ms)
	FinalizeReload (561ms)
		ReleaseScriptCaches (0ms)
		RebuildScriptCaches (0ms)
		SetupLoadedEditorAssemblies (388ms)
			LogAssemblyErrors (0ms)
			InitializePlatformSupportModulesInManaged (9ms)
			SetLoadedEditorAssemblies (5ms)
			RefreshPlugins (0ms)
			BeforeProcessingInitializeOnLoad (67ms)
			ProcessInitializeOnLoadAttributes (276ms)
			ProcessInitializeOnLoadMethodAttributes (21ms)
			AfterProcessingInitializeOnLoad (11ms)
			EditorAssembliesLoaded (0ms)
		ExecutionOrderSort2 (0ms)
		AwakeInstancesAfterBackupRestoration (7ms)
Launched and connected shader compiler UnityShaderCompiler.exe after 0.19 seconds
Refreshing native plugins compatible for Editor in 5.23 ms, found 3 plugins.
Preloading 0 native plugins for Editor in 0.00 ms.
Unloading 3070 Unused Serialized files (Serialized files now loaded: 0)
Unloading 31 unused Assets / (56.4 KB). Loaded Objects now: 3533.
Memory consumption went from 115.0 MB to 115.0 MB.
Total: 3.389500 ms (FindLiveObjects: 0.292700 ms CreateObjectMapping: 0.087200 ms MarkObjects: 2.840000 ms  DeleteObjects: 0.167600 ms)

AssetImportParameters requested are different than current active one (requested -> active):
  custom:container-demuxer-ogg: 62fdf1f143b41e24485cea50d1cbac27 -> 
  custom:video-codec-MediaFoundation-h265: 746d11721c4dcdbdad8f713fa42b33f4 -> 
  custom:video-decoder-ogg-theora: a1e56fd34408186e4bbccfd4996cb3dc -> 
  custom:framework-win-MediaFoundation: 216162199b28c13a410421893ffa2e32 -> 
  custom:CustomObjectIndexerAttribute: 756ad292c208cfabdd7b50bc23989ffe -> 
  custom:container-demuxer-webm: 4f35f7cbe854078d1ac9338744f61a02 -> 
  custom:container-muxer-webm: aa71ff27fc2769a1b78a27578f13a17b -> 
  custom:video-decoder-webm-vp8: 9c59270c3fd7afecdb556c50c9e8de78 -> 
  custom:SearchIndexIgnoredProperties: e643bd26f0fe6173181afceb89e7c659 -> 
  custom:AudioImporter_EditorPlatform: d09bf68614088b80899f8185d706f6e7 -> 
  custom:video-encoder-webm-vp8: eb34c28f22e8b96e1ab97ce403110664 -> 
  custom:audio-decoder-ogg-vorbis: bf7c407c2cedff20999df2af8eb42d56 -> 
  custom:audio-encoder-webm-vorbis: bf7c407c2cedff20999df2af8eb42d56 -> 
========================================================================
Received Import Request.
  Time since last request: 1041911.995484 seconds.
  path: Assets/Materials/OtherShellTexture.mat
  artifactKey: Guid(9506a064986658e47addf6abd47ba2bb) Importer(815301076,1909f56bfc062723c751e8b465ee728b)
Start importing Assets/Materials/OtherShellTexture.mat using Guid(9506a064986658e47addf6abd47ba2bb) Importer(815301076,1909f56bfc062723c751e8b465ee728b)  -> (artifact id: 'aa10ce5dcf138993292e3f87261dde18') in 0.109842 seconds
Number of updated asset objects reloaded before import = 0
Number of asset objects unloaded after import = 1
========================================================================
Received Import Request.
  Time since last request: 98.970900 seconds.
  path: Assets/Materials/OtherShellTexture.mat
  artifactKey: Guid(9506a064986658e47addf6abd47ba2bb) Importer(815301076,1909f56bfc062723c751e8b465ee728b)
Start importing Assets/Materials/OtherShellTexture.mat using Guid(9506a064986658e47addf6abd47ba2bb) Importer(815301076,1909f56bfc062723c751e8b465ee728b)  -> (artifact id: 'df09c7637541173e4049a43686bbb24b') in 0.006964 seconds
Number of updated asset objects reloaded before import = 0
Number of asset objects unloaded after import = 1
========================================================================
Received Import Request.
  Time since last request: 55.505383 seconds.
  path: Assets/Shaders/BaseShellTexture 1.shader
  artifactKey: Guid(26468a2e6f766734fa17822975a85fe6) Importer(815301076,1909f56bfc062723c751e8b465ee728b)
Start importing Assets/Shaders/BaseShellTexture 1.shader using Guid(26468a2e6f766734fa17822975a85fe6) Importer(815301076,1909f56bfc062723c751e8b465ee728b)  -> (artifact id: 'd5eb9c38ffd8c74841c74749892b13f0') in 0.003499 seconds
Number of updated asset objects reloaded before import = 0
Number of asset objects unloaded after import = 1
========================================================================
Received Import Request.
  Time since last request: 6.686526 seconds.
  path: Assets/Shaders/UniqueShellTexture.shader
  artifactKey: Guid(26468a2e6f766734fa17822975a85fe6) Importer(815301076,1909f56bfc062723c751e8b465ee728b)
Start importing Assets/Shaders/UniqueShellTexture.shader using Guid(26468a2e6f766734fa17822975a85fe6) Importer(815301076,1909f56bfc062723c751e8b465ee728b)  -> (artifact id: '7c6c9b68d5266e7be6457bbf3506e846') in 0.001313 seconds
Number of updated asset objects reloaded before import = 0
Number of asset objects unloaded after import = 1
========================================================================
Received Import Request.
  Time since last request: 91.576712 seconds.
  path: Assets/Shaders/UniqueShellTexture.shader
  artifactKey: Guid(26468a2e6f766734fa17822975a85fe6) Importer(815301076,1909f56bfc062723c751e8b465ee728b)
Start importing Assets/Shaders/UniqueShellTexture.shader using Guid(26468a2e6f766734fa17822975a85fe6) Importer(815301076,1909f56bfc062723c751e8b465ee728b)  -> (artifact id: '44b9fdeb35ccc9d001e6bbab6cc70e65') in 0.002036 seconds
Number of updated asset objects reloaded before import = 0
Number of asset objects unloaded after import = 1
========================================================================
Received Import Request.
  Time since last request: 485.681385 seconds.
  path: Assets/Shaders/UniqueShellTexture.shader
  artifactKey: Guid(26468a2e6f766734fa17822975a85fe6) Importer(815301076,1909f56bfc062723c751e8b465ee728b)
Start importing Assets/Shaders/UniqueShellTexture.shader using Guid(26468a2e6f766734fa17822975a85fe6) Importer(815301076,1909f56bfc062723c751e8b465ee728b)  -> (artifact id: 'd289a60b71afbd54ed91c64eb4d58972') in 0.001551 seconds
Number of updated asset objects reloaded before import = 0
Number of asset objects unloaded after import = 1
========================================================================
Received Import Request.
  Time since last request: 148.980231 seconds.
  path: Assets/Materials/OtherShellTexture.mat
  artifactKey: Guid(9506a064986658e47addf6abd47ba2bb) Importer(815301076,1909f56bfc062723c751e8b465ee728b)
Start importing Assets/Materials/OtherShellTexture.mat using Guid(9506a064986658e47addf6abd47ba2bb) Importer(815301076,1909f56bfc062723c751e8b465ee728b)  -> (artifact id: '1f962097670989a2d68aa678fd8465df') in 0.045592 seconds
Number of updated asset objects reloaded before import = 0
Number of asset objects unloaded after import = 2
========================================================================
Received Import Request.
  Time since last request: 16.040872 seconds.
  path: Assets/Materials/OtherShellTexture.mat
  artifactKey: Guid(9506a064986658e47addf6abd47ba2bb) Importer(815301076,1909f56bfc062723c751e8b465ee728b)
Start importing Assets/Materials/OtherShellTexture.mat using Guid(9506a064986658e47addf6abd47ba2bb) Importer(815301076,1909f56bfc062723c751e8b465ee728b)  -> (artifact id: '287915c5a76398952d707273bdc76273') in 0.012409 seconds
Number of updated asset objects reloaded before import = 0
Number of asset objects unloaded after import = 2
========================================================================
Received Import Request.
  Time since last request: 1772.432187 seconds.
  path: Assets/Materials/OtherShellTexture.mat
  artifactKey: Guid(9506a064986658e47addf6abd47ba2bb) Importer(815301076,1909f56bfc062723c751e8b465ee728b)
Start importing Assets/Materials/OtherShellTexture.mat using Guid(9506a064986658e47addf6abd47ba2bb) Importer(815301076,1909f56bfc062723c751e8b465ee728b)  -> (artifact id: 'bfaf4bba0d77ef3c0c79defc8fbace43') in 0.016287 seconds
Number of updated asset objects reloaded before import = 0
Number of asset objects unloaded after import = 2
